<?xml version="1.0" encoding="UTF-8"?>
<testng-results ignored="0" total="2" passed="2" failed="0" skipped="0">
  <reporter-output>
  </reporter-output>
  <suite started-at="2023-12-07T15:56:41 IST" name="Suite" finished-at="2023-12-07T15:56:55 IST" duration-ms="13850">
    <groups>
    </groups>
    <test started-at="2023-12-07T15:56:41 IST" name="TestNG.xml" finished-at="2023-12-07T15:56:55 IST" duration-ms="13850">
      <class name="testcases.LoginTest">
        <test-method is-config="true" signature="setupBrowser()[pri:0, instance:testcases.LoginTest@1cf6d1be]" started-at="2023-12-07T15:56:42 IST" name="setupBrowser" finished-at="2023-12-07T15:56:50 IST" duration-ms="7934" status="PASS">
          <reporter-output>
          </reporter-output>
        </test-method> <!-- setupBrowser -->
        <test-method signature="LoginToApplication(java.lang.String,java.lang.String)[pri:0, instance:testcases.LoginTest@1cf6d1be]" started-at="2023-12-07T15:56:50 IST" name="LoginToApplication" data-provider="LoginDetails" finished-at="2023-12-07T15:56:51 IST" duration-ms="1061" status="PASS">
          <params>
            <param index="0">
              <value>
                <![CDATA[ineuron@ineuron.ai]]>
              </value>
            </param>
            <param index="1">
              <value>
                <![CDATA[ineuron]]>
              </value>
            </param>
          </params>
          <reporter-output>
          </reporter-output>
        </test-method> <!-- LoginToApplication -->
        <test-method is-config="true" signature="closebrowser()[pri:0, instance:testcases.LoginTest@1cf6d1be]" started-at="2023-12-07T15:56:51 IST" name="closebrowser" finished-at="2023-12-07T15:56:51 IST" duration-ms="306" status="PASS">
          <reporter-output>
          </reporter-output>
        </test-method> <!-- closebrowser -->
        <test-method is-config="true" signature="setupBrowser()[pri:0, instance:testcases.LoginTest@1cf6d1be]" started-at="2023-12-07T15:56:51 IST" name="setupBrowser" finished-at="2023-12-07T15:56:54 IST" duration-ms="2508" status="PASS">
          <reporter-output>
          </reporter-output>
        </test-method> <!-- setupBrowser -->
        <test-method signature="LoginToApplication(java.lang.String,java.lang.String)[pri:0, instance:testcases.LoginTest@1cf6d1be]" started-at="2023-12-07T15:56:54 IST" name="LoginToApplication" data-provider="LoginDetails" finished-at="2023-12-07T15:56:54 IST" duration-ms="432" status="PASS">
          <params>
            <param index="0">
              <value>
                <![CDATA[admin@admin.com]]>
              </value>
            </param>
            <param index="1">
              <value>
                <![CDATA[admin]]>
              </value>
            </param>
          </params>
          <reporter-output>
          </reporter-output>
        </test-method> <!-- LoginToApplication -->
        <test-method is-config="true" signature="closebrowser()[pri:0, instance:testcases.LoginTest@1cf6d1be]" started-at="2023-12-07T15:56:54 IST" name="closebrowser" finished-at="2023-12-07T15:56:55 IST" duration-ms="250" status="PASS">
          <reporter-output>
          </reporter-output>
        </test-method> <!-- closebrowser -->
      </class> <!-- testcases.LoginTest -->
    </test> <!-- TestNG.xml -->
  </suite> <!-- Suite -->
</testng-results>
